{"/home/dev/ai-aas/shared/ts/src/index.ts": {"path":"/home/dev/ai-aas/shared/ts/src/index.ts","all":false,"statementMap":{"0":{"start":{"line":1,"column":0},"end":{"line":1,"column":25}},"1":{"start":{"line":2,"column":0},"end":{"line":2,"column":29}},"2":{"start":{"line":3,"column":0},"end":{"line":3,"column":36}},"3":{"start":{"line":4,"column":0},"end":{"line":4,"column":32}},"4":{"start":{"line":5,"column":0},"end":{"line":5,"column":43}},"5":{"start":{"line":6,"column":0},"end":{"line":6,"column":8}},"6":{"start":{"line":7,"column":0},"end":{"line":7,"column":14}},"7":{"start":{"line":8,"column":0},"end":{"line":8,"column":16}},"8":{"start":{"line":9,"column":0},"end":{"line":9,"column":18}},"9":{"start":{"line":10,"column":0},"end":{"line":10,"column":27}},"10":{"start":{"line":11,"column":0},"end":{"line":11,"column":21}},"11":{"start":{"line":12,"column":0},"end":{"line":12,"column":18}},"12":{"start":{"line":13,"column":0},"end":{"line":13,"column":30}},"13":{"start":{"line":14,"column":0},"end":{"line":14,"column":34}},"14":{"start":{"line":15,"column":0},"end":{"line":15,"column":29}}},"s":{"0":1,"1":1,"2":1,"3":1,"4":1,"5":1,"6":1,"7":1,"8":1,"9":1,"10":1,"11":1,"12":1,"13":1,"14":1},"branchMap":{},"b":{},"fnMap":{},"f":{}}
,"/home/dev/ai-aas/shared/ts/src/auth/audit.ts": {"path":"/home/dev/ai-aas/shared/ts/src/auth/audit.ts","all":false,"statementMap":{"0":{"start":{"line":1,"column":0},"end":{"line":1,"column":29}},"1":{"start":{"line":2,"column":0},"end":{"line":2,"column":17}},"2":{"start":{"line":3,"column":0},"end":{"line":3,"column":18}},"3":{"start":{"line":4,"column":0},"end":{"line":4,"column":18}},"4":{"start":{"line":5,"column":0},"end":{"line":5,"column":19}},"5":{"start":{"line":6,"column":0},"end":{"line":6,"column":1}},"6":{"start":{"line":7,"column":0},"end":{"line":7,"column":0}},"7":{"start":{"line":8,"column":0},"end":{"line":8,"column":56}},"8":{"start":{"line":9,"column":0},"end":{"line":9,"column":0}},"9":{"start":{"line":10,"column":0},"end":{"line":10,"column":39}},"10":{"start":{"line":11,"column":0},"end":{"line":11,"column":0}},"11":{"start":{"line":12,"column":0},"end":{"line":12,"column":55}},"12":{"start":{"line":13,"column":0},"end":{"line":13,"column":32}},"13":{"start":{"line":14,"column":0},"end":{"line":14,"column":1}},"14":{"start":{"line":15,"column":0},"end":{"line":15,"column":0}},"15":{"start":{"line":16,"column":0},"end":{"line":16,"column":53}},"16":{"start":{"line":17,"column":0},"end":{"line":17,"column":18}},"17":{"start":{"line":18,"column":0},"end":{"line":18,"column":1}},"18":{"start":{"line":19,"column":0},"end":{"line":19,"column":0}},"19":{"start":{"line":20,"column":0},"end":{"line":20,"column":124}},"20":{"start":{"line":21,"column":0},"end":{"line":21,"column":10}},"21":{"start":{"line":22,"column":0},"end":{"line":22,"column":11}},"22":{"start":{"line":23,"column":0},"end":{"line":23,"column":27}},"23":{"start":{"line":24,"column":0},"end":{"line":24,"column":28}},"24":{"start":{"line":25,"column":0},"end":{"line":25,"column":12}},"25":{"start":{"line":26,"column":0},"end":{"line":26,"column":4}},"26":{"start":{"line":27,"column":0},"end":{"line":27,"column":1}}},"s":{"0":1,"1":1,"2":1,"3":1,"4":1,"5":1,"6":1,"7":1,"8":1,"9":1,"10":1,"11":1,"12":2,"13":2,"14":1,"15":1,"16":2,"17":2,"18":1,"19":1,"20":2,"21":2,"22":2,"23":2,"24":2,"25":2,"26":2},"branchMap":{"0":{"type":"branch","line":12,"loc":{"start":{"line":12,"column":7},"end":{"line":14,"column":1}},"locations":[{"start":{"line":12,"column":7},"end":{"line":14,"column":1}}]},"1":{"type":"branch","line":13,"loc":{"start":{"line":13,"column":13},"end":{"line":13,"column":32}},"locations":[{"start":{"line":13,"column":13},"end":{"line":13,"column":32}}]},"2":{"type":"branch","line":16,"loc":{"start":{"line":16,"column":7},"end":{"line":18,"column":1}},"locations":[{"start":{"line":16,"column":7},"end":{"line":18,"column":1}}]},"3":{"type":"branch","line":20,"loc":{"start":{"line":20,"column":7},"end":{"line":27,"column":1}},"locations":[{"start":{"line":20,"column":7},"end":{"line":27,"column":1}}]}},"b":{"0":[2],"1":[0],"2":[2],"3":[2]},"fnMap":{"0":{"name":"recorder","decl":{"start":{"line":10,"column":30},"end":{"line":10,"column":39}},"loc":{"start":{"line":10,"column":30},"end":{"line":10,"column":39}},"line":10},"1":{"name":"setAuditRecorder","decl":{"start":{"line":12,"column":7},"end":{"line":14,"column":1}},"loc":{"start":{"line":12,"column":7},"end":{"line":14,"column":1}},"line":12},"2":{"name":"recorder","decl":{"start":{"line":13,"column":22},"end":{"line":13,"column":32}},"loc":{"start":{"line":13,"column":22},"end":{"line":13,"column":32}},"line":13},"3":{"name":"recordAuditEvent","decl":{"start":{"line":16,"column":7},"end":{"line":18,"column":1}},"loc":{"start":{"line":16,"column":7},"end":{"line":18,"column":1}},"line":16},"4":{"name":"buildAuditEvent","decl":{"start":{"line":20,"column":7},"end":{"line":27,"column":1}},"loc":{"start":{"line":20,"column":7},"end":{"line":27,"column":1}},"line":20}},"f":{"0":0,"1":2,"2":0,"3":2,"4":2}}
,"/home/dev/ai-aas/shared/ts/src/auth/middleware.ts": {"path":"/home/dev/ai-aas/shared/ts/src/auth/middleware.ts","all":false,"statementMap":{"0":{"start":{"line":1,"column":0},"end":{"line":1,"column":44}},"1":{"start":{"line":2,"column":0},"end":{"line":2,"column":60}},"2":{"start":{"line":3,"column":0},"end":{"line":3,"column":45}},"3":{"start":{"line":4,"column":0},"end":{"line":4,"column":0}},"4":{"start":{"line":5,"column":0},"end":{"line":5,"column":28}},"5":{"start":{"line":6,"column":0},"end":{"line":6,"column":18}},"6":{"start":{"line":7,"column":0},"end":{"line":7,"column":18}},"7":{"start":{"line":8,"column":0},"end":{"line":8,"column":1}},"8":{"start":{"line":9,"column":0},"end":{"line":9,"column":0}},"9":{"start":{"line":10,"column":0},"end":{"line":10,"column":90}},"10":{"start":{"line":11,"column":0},"end":{"line":11,"column":0}},"11":{"start":{"line":12,"column":0},"end":{"line":12,"column":61}},"12":{"start":{"line":13,"column":0},"end":{"line":13,"column":67}},"13":{"start":{"line":14,"column":0},"end":{"line":14,"column":66}},"14":{"start":{"line":15,"column":0},"end":{"line":15,"column":24}},"15":{"start":{"line":16,"column":0},"end":{"line":16,"column":15}},"16":{"start":{"line":17,"column":0},"end":{"line":17,"column":31}},"17":{"start":{"line":18,"column":0},"end":{"line":18,"column":21}},"18":{"start":{"line":19,"column":0},"end":{"line":19,"column":28}},"19":{"start":{"line":20,"column":0},"end":{"line":20,"column":2}},"20":{"start":{"line":21,"column":0},"end":{"line":21,"column":0}},"21":{"start":{"line":22,"column":0},"end":{"line":22,"column":30}},"22":{"start":{"line":23,"column":0},"end":{"line":23,"column":17}},"23":{"start":{"line":24,"column":0},"end":{"line":24,"column":14}},"24":{"start":{"line":25,"column":0},"end":{"line":25,"column":35}},"25":{"start":{"line":26,"column":0},"end":{"line":26,"column":42}},"26":{"start":{"line":27,"column":0},"end":{"line":27,"column":1}},"27":{"start":{"line":28,"column":0},"end":{"line":28,"column":0}},"28":{"start":{"line":29,"column":0},"end":{"line":29,"column":28}},"29":{"start":{"line":30,"column":0},"end":{"line":30,"column":40}},"30":{"start":{"line":31,"column":0},"end":{"line":31,"column":1}},"31":{"start":{"line":32,"column":0},"end":{"line":32,"column":0}},"32":{"start":{"line":33,"column":0},"end":{"line":33,"column":30}},"33":{"start":{"line":34,"column":0},"end":{"line":34,"column":35}},"34":{"start":{"line":35,"column":0},"end":{"line":35,"column":1}},"35":{"start":{"line":36,"column":0},"end":{"line":36,"column":0}},"36":{"start":{"line":37,"column":0},"end":{"line":37,"column":37}},"37":{"start":{"line":38,"column":0},"end":{"line":38,"column":23}},"38":{"start":{"line":39,"column":0},"end":{"line":39,"column":46}},"39":{"start":{"line":40,"column":0},"end":{"line":40,"column":3}},"40":{"start":{"line":41,"column":0},"end":{"line":41,"column":34}},"41":{"start":{"line":42,"column":0},"end":{"line":42,"column":25}},"42":{"start":{"line":43,"column":0},"end":{"line":43,"column":21}},"43":{"start":{"line":44,"column":0},"end":{"line":44,"column":5}},"44":{"start":{"line":45,"column":0},"end":{"line":45,"column":37}},"45":{"start":{"line":46,"column":0},"end":{"line":46,"column":68}},"46":{"start":{"line":47,"column":0},"end":{"line":47,"column":58}},"47":{"start":{"line":48,"column":0},"end":{"line":48,"column":62}},"48":{"start":{"line":49,"column":0},"end":{"line":49,"column":0}},"49":{"start":{"line":50,"column":0},"end":{"line":50,"column":19}},"50":{"start":{"line":51,"column":0},"end":{"line":51,"column":70}},"51":{"start":{"line":52,"column":0},"end":{"line":52,"column":39}},"52":{"start":{"line":53,"column":0},"end":{"line":53,"column":35}},"53":{"start":{"line":54,"column":0},"end":{"line":54,"column":8}},"54":{"start":{"line":55,"column":0},"end":{"line":55,"column":37}},"55":{"start":{"line":56,"column":0},"end":{"line":56,"column":29}},"56":{"start":{"line":57,"column":0},"end":{"line":57,"column":74}},"57":{"start":{"line":58,"column":0},"end":{"line":58,"column":39}},"58":{"start":{"line":59,"column":0},"end":{"line":59,"column":28}},"59":{"start":{"line":60,"column":0},"end":{"line":60,"column":19}},"60":{"start":{"line":61,"column":0},"end":{"line":61,"column":5}},"61":{"start":{"line":62,"column":0},"end":{"line":62,"column":21}},"62":{"start":{"line":63,"column":0},"end":{"line":63,"column":4}},"63":{"start":{"line":64,"column":0},"end":{"line":64,"column":1}}},"s":{"0":1,"1":1,"2":1,"3":1,"4":1,"5":1,"6":1,"7":1,"8":1,"9":1,"10":1,"11":1,"12":2,"13":2,"14":2,"15":2,"16":2,"17":2,"18":2,"19":2,"20":1,"21":1,"22":1,"23":1,"24":1,"25":1,"26":1,"27":1,"28":1,"29":1,"30":1,"31":1,"32":1,"33":1,"34":1,"35":1,"36":1,"37":2,"38":2,"39":2,"40":2,"41":2,"42":2,"43":2,"44":2,"45":2,"46":2,"47":2,"48":2,"49":2,"50":1,"51":1,"52":1,"53":1,"54":1,"55":1,"56":1,"57":1,"58":1,"59":1,"60":1,"61":1,"62":2,"63":2},"branchMap":{"0":{"type":"branch","line":12,"loc":{"start":{"line":12,"column":47},"end":{"line":20,"column":2}},"locations":[{"start":{"line":12,"column":47},"end":{"line":20,"column":2}}]},"1":{"type":"branch","line":14,"loc":{"start":{"line":14,"column":57},"end":{"line":14,"column":64}},"locations":[{"start":{"line":14,"column":57},"end":{"line":14,"column":64}}]},"2":{"type":"branch","line":17,"loc":{"start":{"line":17,"column":9},"end":{"line":17,"column":30}},"locations":[{"start":{"line":17,"column":9},"end":{"line":17,"column":30}}]},"3":{"type":"branch","line":37,"loc":{"start":{"line":37,"column":7},"end":{"line":64,"column":1}},"locations":[{"start":{"line":37,"column":7},"end":{"line":64,"column":1}}]},"4":{"type":"branch","line":41,"loc":{"start":{"line":41,"column":9},"end":{"line":63,"column":4}},"locations":[{"start":{"line":41,"column":9},"end":{"line":63,"column":4}}]},"5":{"type":"branch","line":50,"loc":{"start":{"line":50,"column":18},"end":{"line":62,"column":21}},"locations":[{"start":{"line":50,"column":18},"end":{"line":62,"column":21}}]},"6":{"type":"branch","line":51,"loc":{"start":{"line":51,"column":14},"end":{"line":51,"column":70}},"locations":[{"start":{"line":51,"column":14},"end":{"line":51,"column":70}}]}},"b":{"0":[2],"1":[0],"2":[2],"3":[2],"4":[2],"5":[1],"6":[0]},"fnMap":{"0":{"name":"headerExtractor","decl":{"start":{"line":12,"column":47},"end":{"line":20,"column":2}},"loc":{"start":{"line":12,"column":47},"end":{"line":20,"column":2}},"line":12},"1":{"name":"createAuthMiddleware","decl":{"start":{"line":37,"column":7},"end":{"line":64,"column":1}},"loc":{"start":{"line":37,"column":7},"end":{"line":64,"column":1}},"line":37},"2":{"name":"authorize","decl":{"start":{"line":41,"column":9},"end":{"line":63,"column":4}},"loc":{"start":{"line":41,"column":9},"end":{"line":63,"column":4}},"line":41}},"f":{"0":2,"1":2,"2":2}}
,"/home/dev/ai-aas/shared/ts/src/auth/policy.ts": {"path":"/home/dev/ai-aas/shared/ts/src/auth/policy.ts","all":false,"statementMap":{"0":{"start":{"line":1,"column":0},"end":{"line":1,"column":41}},"1":{"start":{"line":2,"column":0},"end":{"line":2,"column":0}},"2":{"start":{"line":3,"column":0},"end":{"line":3,"column":33}},"3":{"start":{"line":4,"column":0},"end":{"line":4,"column":34}},"4":{"start":{"line":5,"column":0},"end":{"line":5,"column":1}},"5":{"start":{"line":6,"column":0},"end":{"line":6,"column":0}},"6":{"start":{"line":7,"column":0},"end":{"line":7,"column":27}},"7":{"start":{"line":8,"column":0},"end":{"line":8,"column":53}},"8":{"start":{"line":9,"column":0},"end":{"line":9,"column":0}},"9":{"start":{"line":10,"column":0},"end":{"line":10,"column":58}},"10":{"start":{"line":11,"column":0},"end":{"line":11,"column":27}},"11":{"start":{"line":12,"column":0},"end":{"line":12,"column":3}},"12":{"start":{"line":13,"column":0},"end":{"line":13,"column":0}},"13":{"start":{"line":14,"column":0},"end":{"line":14,"column":62}},"14":{"start":{"line":15,"column":0},"end":{"line":15,"column":49}},"15":{"start":{"line":16,"column":0},"end":{"line":16,"column":40}},"16":{"start":{"line":17,"column":0},"end":{"line":17,"column":3}},"17":{"start":{"line":18,"column":0},"end":{"line":18,"column":0}},"18":{"start":{"line":19,"column":0},"end":{"line":19,"column":51}},"19":{"start":{"line":20,"column":0},"end":{"line":20,"column":53}},"20":{"start":{"line":21,"column":0},"end":{"line":21,"column":51}},"21":{"start":{"line":22,"column":0},"end":{"line":22,"column":66}},"22":{"start":{"line":23,"column":0},"end":{"line":23,"column":46}},"23":{"start":{"line":24,"column":0},"end":{"line":24,"column":36}},"24":{"start":{"line":25,"column":0},"end":{"line":25,"column":66}},"25":{"start":{"line":26,"column":0},"end":{"line":26,"column":35}},"26":{"start":{"line":27,"column":0},"end":{"line":27,"column":7}},"27":{"start":{"line":28,"column":0},"end":{"line":28,"column":37}},"28":{"start":{"line":29,"column":0},"end":{"line":29,"column":3}},"29":{"start":{"line":30,"column":0},"end":{"line":30,"column":0}},"30":{"start":{"line":31,"column":0},"end":{"line":31,"column":57}},"31":{"start":{"line":32,"column":0},"end":{"line":32,"column":50}},"32":{"start":{"line":33,"column":0},"end":{"line":33,"column":3}},"33":{"start":{"line":34,"column":0},"end":{"line":34,"column":0}},"34":{"start":{"line":35,"column":0},"end":{"line":35,"column":55}},"35":{"start":{"line":36,"column":0},"end":{"line":36,"column":42}},"36":{"start":{"line":37,"column":0},"end":{"line":37,"column":33}},"37":{"start":{"line":38,"column":0},"end":{"line":38,"column":19}},"38":{"start":{"line":39,"column":0},"end":{"line":39,"column":5}},"39":{"start":{"line":40,"column":0},"end":{"line":40,"column":68}},"40":{"start":{"line":41,"column":0},"end":{"line":41,"column":3}},"41":{"start":{"line":42,"column":0},"end":{"line":42,"column":1}}},"s":{"0":1,"1":1,"2":1,"3":1,"4":1,"5":1,"6":1,"7":2,"8":2,"9":2,"10":2,"11":2,"12":2,"13":2,"14":0,"15":0,"16":0,"17":2,"18":2,"19":2,"20":2,"21":2,"22":2,"23":2,"24":2,"25":2,"26":2,"27":2,"28":2,"29":2,"30":2,"31":4,"32":4,"33":2,"34":2,"35":4,"36":4,"37":0,"38":0,"39":4,"40":4,"41":2},"branchMap":{"0":{"type":"branch","line":7,"loc":{"start":{"line":7,"column":7},"end":{"line":42,"column":1}},"locations":[{"start":{"line":7,"column":7},"end":{"line":42,"column":1}}]},"1":{"type":"branch","line":10,"loc":{"start":{"line":10,"column":10},"end":{"line":12,"column":3}},"locations":[{"start":{"line":10,"column":10},"end":{"line":12,"column":3}}]},"2":{"type":"branch","line":19,"loc":{"start":{"line":19,"column":9},"end":{"line":29,"column":3}},"locations":[{"start":{"line":19,"column":9},"end":{"line":29,"column":3}}]},"3":{"type":"branch","line":22,"loc":{"start":{"line":22,"column":23},"end":{"line":22,"column":34}},"locations":[{"start":{"line":22,"column":23},"end":{"line":22,"column":34}}]},"4":{"type":"branch","line":22,"loc":{"start":{"line":22,"column":44},"end":{"line":27,"column":5}},"locations":[{"start":{"line":22,"column":44},"end":{"line":27,"column":5}}]},"5":{"type":"branch","line":25,"loc":{"start":{"line":25,"column":20},"end":{"line":25,"column":64}},"locations":[{"start":{"line":25,"column":20},"end":{"line":25,"column":64}}]},"6":{"type":"branch","line":31,"loc":{"start":{"line":31,"column":2},"end":{"line":33,"column":3}},"locations":[{"start":{"line":31,"column":2},"end":{"line":33,"column":3}}]},"7":{"type":"branch","line":35,"loc":{"start":{"line":35,"column":2},"end":{"line":41,"column":3}},"locations":[{"start":{"line":35,"column":2},"end":{"line":41,"column":3}}]},"8":{"type":"branch","line":37,"loc":{"start":{"line":37,"column":32},"end":{"line":39,"column":5}},"locations":[{"start":{"line":37,"column":32},"end":{"line":39,"column":5}}]},"9":{"type":"branch","line":40,"loc":{"start":{"line":40,"column":22},"end":{"line":40,"column":66}},"locations":[{"start":{"line":40,"column":22},"end":{"line":40,"column":66}}]}},"b":{"0":[2],"1":[2],"2":[2],"3":[0],"4":[2],"5":[2],"6":[4],"7":[4],"8":[0],"9":[4]},"fnMap":{"0":{"name":"<instance_members_initializer>","decl":{"start":{"line":7,"column":7},"end":{"line":42,"column":1}},"loc":{"start":{"line":7,"column":7},"end":{"line":42,"column":1}},"line":7},"1":{"name":"PolicyEngine","decl":{"start":{"line":10,"column":10},"end":{"line":12,"column":3}},"loc":{"start":{"line":10,"column":10},"end":{"line":12,"column":3}},"line":10},"2":{"name":"fromFile","decl":{"start":{"line":14,"column":2},"end":{"line":17,"column":3}},"loc":{"start":{"line":14,"column":2},"end":{"line":17,"column":3}},"line":14},"3":{"name":"fromString","decl":{"start":{"line":19,"column":9},"end":{"line":29,"column":3}},"loc":{"start":{"line":19,"column":9},"end":{"line":29,"column":3}},"line":19},"4":{"name":"allowedRoles","decl":{"start":{"line":31,"column":2},"end":{"line":33,"column":3}},"loc":{"start":{"line":31,"column":2},"end":{"line":33,"column":3}},"line":31},"5":{"name":"isAllowed","decl":{"start":{"line":35,"column":2},"end":{"line":41,"column":3}},"loc":{"start":{"line":35,"column":2},"end":{"line":41,"column":3}},"line":35}},"f":{"0":2,"1":2,"2":0,"3":2,"4":4,"5":4}}
,"/home/dev/ai-aas/shared/ts/src/config/index.ts": {"path":"/home/dev/ai-aas/shared/ts/src/config/index.ts","all":false,"statementMap":{"0":{"start":{"line":1,"column":0},"end":{"line":1,"column":43}},"1":{"start":{"line":2,"column":0},"end":{"line":2,"column":0}},"2":{"start":{"line":3,"column":0},"end":{"line":3,"column":10}},"3":{"start":{"line":4,"column":0},"end":{"line":4,"column":0}},"4":{"start":{"line":5,"column":0},"end":{"line":5,"column":32}},"5":{"start":{"line":6,"column":0},"end":{"line":6,"column":15}},"6":{"start":{"line":7,"column":0},"end":{"line":7,"column":15}},"7":{"start":{"line":8,"column":0},"end":{"line":8,"column":15}},"8":{"start":{"line":9,"column":0},"end":{"line":9,"column":1}},"9":{"start":{"line":10,"column":0},"end":{"line":10,"column":0}},"10":{"start":{"line":11,"column":0},"end":{"line":11,"column":34}},"11":{"start":{"line":12,"column":0},"end":{"line":12,"column":19}},"12":{"start":{"line":13,"column":0},"end":{"line":13,"column":28}},"13":{"start":{"line":14,"column":0},"end":{"line":14,"column":34}},"14":{"start":{"line":15,"column":0},"end":{"line":15,"column":20}},"15":{"start":{"line":16,"column":0},"end":{"line":16,"column":1}},"16":{"start":{"line":17,"column":0},"end":{"line":17,"column":0}},"17":{"start":{"line":18,"column":0},"end":{"line":18,"column":33}},"18":{"start":{"line":19,"column":0},"end":{"line":19,"column":14}},"19":{"start":{"line":20,"column":0},"end":{"line":20,"column":23}},"20":{"start":{"line":21,"column":0},"end":{"line":21,"column":23}},"21":{"start":{"line":22,"column":0},"end":{"line":22,"column":28}},"22":{"start":{"line":23,"column":0},"end":{"line":23,"column":1}},"23":{"start":{"line":24,"column":0},"end":{"line":24,"column":0}},"24":{"start":{"line":25,"column":0},"end":{"line":25,"column":31}},"25":{"start":{"line":26,"column":0},"end":{"line":26,"column":25}},"26":{"start":{"line":27,"column":0},"end":{"line":27,"column":29}},"27":{"start":{"line":28,"column":0},"end":{"line":28,"column":27}},"28":{"start":{"line":29,"column":0},"end":{"line":29,"column":1}},"29":{"start":{"line":30,"column":0},"end":{"line":30,"column":0}},"30":{"start":{"line":31,"column":0},"end":{"line":31,"column":44}},"31":{"start":{"line":32,"column":0},"end":{"line":32,"column":82}},"32":{"start":{"line":33,"column":0},"end":{"line":33,"column":57}},"33":{"start":{"line":34,"column":0},"end":{"line":34,"column":65}},"34":{"start":{"line":35,"column":0},"end":{"line":35,"column":3}},"35":{"start":{"line":36,"column":0},"end":{"line":36,"column":0}},"36":{"start":{"line":37,"column":0},"end":{"line":37,"column":56}},"37":{"start":{"line":38,"column":0},"end":{"line":38,"column":21}},"38":{"start":{"line":39,"column":0},"end":{"line":39,"column":53}},"39":{"start":{"line":40,"column":0},"end":{"line":40,"column":3}},"40":{"start":{"line":41,"column":0},"end":{"line":41,"column":0}},"41":{"start":{"line":42,"column":0},"end":{"line":42,"column":10}},"42":{"start":{"line":43,"column":0},"end":{"line":43,"column":14}},"43":{"start":{"line":44,"column":0},"end":{"line":44,"column":11}},"44":{"start":{"line":45,"column":0},"end":{"line":45,"column":46}},"45":{"start":{"line":46,"column":0},"end":{"line":46,"column":62}},"46":{"start":{"line":47,"column":0},"end":{"line":47,"column":6}},"47":{"start":{"line":48,"column":0},"end":{"line":48,"column":16}},"48":{"start":{"line":49,"column":0},"end":{"line":49,"column":72}},"49":{"start":{"line":50,"column":0},"end":{"line":50,"column":47}},"50":{"start":{"line":51,"column":0},"end":{"line":51,"column":70}},"51":{"start":{"line":52,"column":0},"end":{"line":52,"column":74}},"52":{"start":{"line":53,"column":0},"end":{"line":53,"column":6}},"53":{"start":{"line":54,"column":0},"end":{"line":54,"column":15}},"54":{"start":{"line":55,"column":0},"end":{"line":55,"column":38}},"55":{"start":{"line":56,"column":0},"end":{"line":56,"column":75}},"56":{"start":{"line":57,"column":0},"end":{"line":57,"column":77}},"57":{"start":{"line":58,"column":0},"end":{"line":58,"column":85}},"58":{"start":{"line":59,"column":0},"end":{"line":59,"column":6}},"59":{"start":{"line":60,"column":0},"end":{"line":60,"column":4}},"60":{"start":{"line":61,"column":0},"end":{"line":61,"column":1}},"61":{"start":{"line":62,"column":0},"end":{"line":62,"column":0}},"62":{"start":{"line":63,"column":0},"end":{"line":63,"column":48}},"63":{"start":{"line":64,"column":0},"end":{"line":64,"column":22}},"64":{"start":{"line":65,"column":0},"end":{"line":65,"column":1}},"65":{"start":{"line":66,"column":0},"end":{"line":66,"column":0}},"66":{"start":{"line":67,"column":0},"end":{"line":67,"column":56}},"67":{"start":{"line":68,"column":0},"end":{"line":68,"column":38}},"68":{"start":{"line":69,"column":0},"end":{"line":69,"column":1}},"69":{"start":{"line":70,"column":0},"end":{"line":70,"column":0}},"70":{"start":{"line":71,"column":0},"end":{"line":71,"column":60}},"71":{"start":{"line":72,"column":0},"end":{"line":72,"column":13}},"72":{"start":{"line":73,"column":0},"end":{"line":73,"column":14}},"73":{"start":{"line":74,"column":0},"end":{"line":74,"column":3}},"74":{"start":{"line":75,"column":0},"end":{"line":75,"column":71}},"75":{"start":{"line":76,"column":0},"end":{"line":76,"column":35}},"76":{"start":{"line":77,"column":0},"end":{"line":77,"column":32}},"77":{"start":{"line":78,"column":0},"end":{"line":78,"column":17}},"78":{"start":{"line":79,"column":0},"end":{"line":79,"column":5}},"79":{"start":{"line":80,"column":0},"end":{"line":80,"column":43}},"80":{"start":{"line":81,"column":0},"end":{"line":81,"column":15}},"81":{"start":{"line":82,"column":0},"end":{"line":82,"column":9}},"82":{"start":{"line":83,"column":0},"end":{"line":83,"column":1}},"83":{"start":{"line":84,"column":0},"end":{"line":84,"column":0}},"84":{"start":{"line":85,"column":0},"end":{"line":85,"column":49}},"85":{"start":{"line":86,"column":0},"end":{"line":86,"column":55}},"86":{"start":{"line":87,"column":0},"end":{"line":87,"column":15}},"87":{"start":{"line":88,"column":0},"end":{"line":88,"column":25}},"88":{"start":{"line":89,"column":0},"end":{"line":89,"column":3}},"89":{"start":{"line":90,"column":0},"end":{"line":90,"column":33}},"90":{"start":{"line":91,"column":0},"end":{"line":91,"column":34}},"91":{"start":{"line":92,"column":0},"end":{"line":92,"column":17}},"92":{"start":{"line":93,"column":0},"end":{"line":93,"column":14}},"93":{"start":{"line":94,"column":0},"end":{"line":94,"column":22}},"94":{"start":{"line":95,"column":0},"end":{"line":95,"column":13}},"95":{"start":{"line":96,"column":0},"end":{"line":96,"column":29}},"96":{"start":{"line":97,"column":0},"end":{"line":97,"column":13}},"97":{"start":{"line":98,"column":0},"end":{"line":98,"column":34}},"98":{"start":{"line":99,"column":0},"end":{"line":99,"column":13}},"99":{"start":{"line":100,"column":0},"end":{"line":100,"column":39}},"100":{"start":{"line":101,"column":0},"end":{"line":101,"column":12}},"101":{"start":{"line":102,"column":0},"end":{"line":102,"column":27}},"102":{"start":{"line":103,"column":0},"end":{"line":103,"column":3}},"103":{"start":{"line":104,"column":0},"end":{"line":104,"column":1}},"104":{"start":{"line":105,"column":0},"end":{"line":105,"column":0}},"105":{"start":{"line":106,"column":0},"end":{"line":106,"column":63}},"106":{"start":{"line":107,"column":0},"end":{"line":107,"column":31}},"107":{"start":{"line":108,"column":0},"end":{"line":108,"column":53}},"108":{"start":{"line":109,"column":0},"end":{"line":109,"column":1}}},"s":{"0":1,"1":1,"2":1,"3":1,"4":1,"5":1,"6":1,"7":1,"8":1,"9":1,"10":1,"11":1,"12":1,"13":1,"14":1,"15":1,"16":1,"17":1,"18":1,"19":1,"20":1,"21":1,"22":1,"23":1,"24":1,"25":1,"26":1,"27":1,"28":1,"29":1,"30":1,"31":2,"32":2,"33":1,"34":1,"35":1,"36":1,"37":2,"38":0,"39":0,"40":1,"41":1,"42":1,"43":1,"44":1,"45":1,"46":1,"47":1,"48":1,"49":1,"50":1,"51":1,"52":1,"53":1,"54":1,"55":1,"56":1,"57":1,"58":1,"59":1,"60":1,"61":1,"62":1,"63":0,"64":0,"65":1,"66":12,"67":12,"68":12,"69":1,"70":1,"71":1,"72":1,"73":1,"74":0,"75":0,"76":0,"77":0,"78":0,"79":0,"80":0,"81":0,"82":0,"83":1,"84":1,"85":1,"86":1,"87":0,"88":0,"89":1,"90":1,"91":1,"92":1,"93":0,"94":1,"95":0,"96":1,"97":1,"98":1,"99":0,"100":1,"101":0,"102":1,"103":1,"104":1,"105":3,"106":3,"107":3,"108":3},"branchMap":{"0":{"type":"branch","line":31,"loc":{"start":{"line":31,"column":7},"end":{"line":61,"column":1}},"locations":[{"start":{"line":31,"column":7},"end":{"line":61,"column":1}}]},"1":{"type":"branch","line":33,"loc":{"start":{"line":33,"column":22},"end":{"line":33,"column":56}},"locations":[{"start":{"line":33,"column":22},"end":{"line":33,"column":56}}]},"2":{"type":"branch","line":33,"loc":{"start":{"line":33,"column":56},"end":{"line":38,"column":20}},"locations":[{"start":{"line":33,"column":56},"end":{"line":38,"column":20}}]},"3":{"type":"branch","line":38,"loc":{"start":{"line":38,"column":20},"end":{"line":40,"column":3}},"locations":[{"start":{"line":38,"column":20},"end":{"line":40,"column":3}}]},"4":{"type":"branch","line":40,"loc":{"start":{"line":40,"column":2},"end":{"line":61,"column":1}},"locations":[{"start":{"line":40,"column":2},"end":{"line":61,"column":1}}]},"5":{"type":"branch","line":67,"loc":{"start":{"line":67,"column":0},"end":{"line":69,"column":1}},"locations":[{"start":{"line":67,"column":0},"end":{"line":69,"column":1}}]},"6":{"type":"branch","line":68,"loc":{"start":{"line":68,"column":24},"end":{"line":68,"column":38}},"locations":[{"start":{"line":68,"column":24},"end":{"line":68,"column":38}}]},"7":{"type":"branch","line":71,"loc":{"start":{"line":71,"column":0},"end":{"line":83,"column":1}},"locations":[{"start":{"line":71,"column":0},"end":{"line":83,"column":1}}]},"8":{"type":"branch","line":74,"loc":{"start":{"line":74,"column":2},"end":{"line":83,"column":1}},"locations":[{"start":{"line":74,"column":2},"end":{"line":83,"column":1}}]},"9":{"type":"branch","line":85,"loc":{"start":{"line":85,"column":0},"end":{"line":104,"column":1}},"locations":[{"start":{"line":85,"column":0},"end":{"line":104,"column":1}}]},"10":{"type":"branch","line":87,"loc":{"start":{"line":87,"column":14},"end":{"line":89,"column":3}},"locations":[{"start":{"line":87,"column":14},"end":{"line":89,"column":3}}]},"11":{"type":"branch","line":93,"loc":{"start":{"line":93,"column":4},"end":{"line":94,"column":22}},"locations":[{"start":{"line":93,"column":4},"end":{"line":94,"column":22}}]},"12":{"type":"branch","line":95,"loc":{"start":{"line":95,"column":4},"end":{"line":96,"column":29}},"locations":[{"start":{"line":95,"column":4},"end":{"line":96,"column":29}}]},"13":{"type":"branch","line":99,"loc":{"start":{"line":99,"column":4},"end":{"line":100,"column":39}},"locations":[{"start":{"line":99,"column":4},"end":{"line":100,"column":39}}]},"14":{"type":"branch","line":101,"loc":{"start":{"line":101,"column":4},"end":{"line":102,"column":27}},"locations":[{"start":{"line":101,"column":4},"end":{"line":102,"column":27}}]},"15":{"type":"branch","line":106,"loc":{"start":{"line":106,"column":0},"end":{"line":109,"column":1}},"locations":[{"start":{"line":106,"column":0},"end":{"line":109,"column":1}}]},"16":{"type":"branch","line":108,"loc":{"start":{"line":108,"column":35},"end":{"line":108,"column":53}},"locations":[{"start":{"line":108,"column":35},"end":{"line":108,"column":53}}]}},"b":{"0":[2],"1":[1],"2":[1],"3":[0],"4":[1],"5":[12],"6":[11],"7":[1],"8":[0],"9":[1],"10":[0],"11":[0],"12":[0],"13":[0],"14":[0],"15":[3],"16":[0]},"fnMap":{"0":{"name":"loadConfig","decl":{"start":{"line":31,"column":7},"end":{"line":61,"column":1}},"loc":{"start":{"line":31,"column":7},"end":{"line":61,"column":1}},"line":31},"1":{"name":"mustLoadConfig","decl":{"start":{"line":63,"column":7},"end":{"line":65,"column":1}},"loc":{"start":{"line":63,"column":7},"end":{"line":65,"column":1}},"line":63},"2":{"name":"getEnv","decl":{"start":{"line":67,"column":0},"end":{"line":69,"column":1}},"loc":{"start":{"line":67,"column":0},"end":{"line":69,"column":1}},"line":67},"3":{"name":"parseHeaders","decl":{"start":{"line":71,"column":0},"end":{"line":83,"column":1}},"loc":{"start":{"line":71,"column":0},"end":{"line":83,"column":1}},"line":71},"4":{"name":"parseDurationMs","decl":{"start":{"line":85,"column":0},"end":{"line":104,"column":1}},"loc":{"start":{"line":85,"column":0},"end":{"line":104,"column":1}},"line":85},"5":{"name":"parseNumber","decl":{"start":{"line":106,"column":0},"end":{"line":109,"column":1}},"loc":{"start":{"line":106,"column":0},"end":{"line":109,"column":1}},"line":106}},"f":{"0":2,"1":0,"2":12,"3":1,"4":1,"5":3}}
,"/home/dev/ai-aas/shared/ts/src/dataaccess/health.ts": {"path":"/home/dev/ai-aas/shared/ts/src/dataaccess/health.ts","all":false,"statementMap":{"0":{"start":{"line":1,"column":0},"end":{"line":1,"column":46}},"1":{"start":{"line":2,"column":0},"end":{"line":2,"column":0}},"2":{"start":{"line":3,"column":0},"end":{"line":3,"column":40}},"3":{"start":{"line":4,"column":0},"end":{"line":4,"column":0}},"4":{"start":{"line":5,"column":0},"end":{"line":5,"column":25}},"5":{"start":{"line":6,"column":0},"end":{"line":6,"column":19}},"6":{"start":{"line":7,"column":0},"end":{"line":7,"column":17}},"7":{"start":{"line":8,"column":0},"end":{"line":8,"column":20}},"8":{"start":{"line":9,"column":0},"end":{"line":9,"column":1}},"9":{"start":{"line":10,"column":0},"end":{"line":10,"column":0}},"10":{"start":{"line":11,"column":0},"end":{"line":11,"column":25}},"11":{"start":{"line":12,"column":0},"end":{"line":12,"column":33}},"12":{"start":{"line":13,"column":0},"end":{"line":13,"column":1}},"13":{"start":{"line":14,"column":0},"end":{"line":14,"column":0}},"14":{"start":{"line":15,"column":0},"end":{"line":15,"column":23}},"15":{"start":{"line":16,"column":0},"end":{"line":16,"column":49}},"16":{"start":{"line":17,"column":0},"end":{"line":17,"column":0}},"17":{"start":{"line":18,"column":0},"end":{"line":18,"column":40}},"18":{"start":{"line":19,"column":0},"end":{"line":19,"column":33}},"19":{"start":{"line":20,"column":0},"end":{"line":20,"column":3}},"20":{"start":{"line":21,"column":0},"end":{"line":21,"column":0}},"21":{"start":{"line":22,"column":0},"end":{"line":22,"column":37}},"22":{"start":{"line":23,"column":0},"end":{"line":23,"column":38}},"23":{"start":{"line":24,"column":0},"end":{"line":24,"column":70}},"24":{"start":{"line":25,"column":0},"end":{"line":25,"column":40}},"25":{"start":{"line":26,"column":0},"end":{"line":26,"column":13}},"26":{"start":{"line":27,"column":0},"end":{"line":27,"column":24}},"27":{"start":{"line":28,"column":0},"end":{"line":28,"column":18}},"28":{"start":{"line":29,"column":0},"end":{"line":29,"column":17}},"29":{"start":{"line":30,"column":0},"end":{"line":30,"column":13}},"30":{"start":{"line":31,"column":0},"end":{"line":31,"column":28}},"31":{"start":{"line":32,"column":0},"end":{"line":32,"column":51}},"32":{"start":{"line":33,"column":0},"end":{"line":33,"column":31}},"33":{"start":{"line":34,"column":0},"end":{"line":34,"column":21}},"34":{"start":{"line":35,"column":0},"end":{"line":35,"column":23}},"35":{"start":{"line":36,"column":0},"end":{"line":36,"column":18}},"36":{"start":{"line":37,"column":0},"end":{"line":37,"column":17}},"37":{"start":{"line":38,"column":0},"end":{"line":38,"column":13}},"38":{"start":{"line":39,"column":0},"end":{"line":39,"column":29}},"39":{"start":{"line":40,"column":0},"end":{"line":40,"column":70}},"40":{"start":{"line":41,"column":0},"end":{"line":41,"column":51}},"41":{"start":{"line":42,"column":0},"end":{"line":42,"column":31}},"42":{"start":{"line":43,"column":0},"end":{"line":43,"column":21}},"43":{"start":{"line":44,"column":0},"end":{"line":44,"column":9}},"44":{"start":{"line":45,"column":0},"end":{"line":45,"column":9}},"45":{"start":{"line":46,"column":0},"end":{"line":46,"column":6}},"46":{"start":{"line":47,"column":0},"end":{"line":47,"column":0}},"47":{"start":{"line":48,"column":0},"end":{"line":48,"column":12}},"48":{"start":{"line":49,"column":0},"end":{"line":49,"column":42}},"49":{"start":{"line":50,"column":0},"end":{"line":50,"column":6}},"50":{"start":{"line":51,"column":0},"end":{"line":51,"column":3}},"51":{"start":{"line":52,"column":0},"end":{"line":52,"column":1}},"52":{"start":{"line":53,"column":0},"end":{"line":53,"column":0}},"53":{"start":{"line":54,"column":0},"end":{"line":54,"column":18}},"54":{"start":{"line":55,"column":0},"end":{"line":55,"column":46}},"55":{"start":{"line":56,"column":0},"end":{"line":56,"column":33}},"56":{"start":{"line":57,"column":0},"end":{"line":57,"column":2}},"57":{"start":{"line":58,"column":0},"end":{"line":58,"column":0}},"58":{"start":{"line":59,"column":0},"end":{"line":59,"column":49}},"59":{"start":{"line":60,"column":0},"end":{"line":60,"column":57}},"60":{"start":{"line":61,"column":0},"end":{"line":61,"column":45}},"61":{"start":{"line":62,"column":0},"end":{"line":62,"column":92}},"62":{"start":{"line":63,"column":0},"end":{"line":63,"column":90}},"63":{"start":{"line":64,"column":0},"end":{"line":64,"column":46}},"64":{"start":{"line":65,"column":0},"end":{"line":65,"column":64}},"65":{"start":{"line":66,"column":0},"end":{"line":66,"column":32}},"66":{"start":{"line":67,"column":0},"end":{"line":67,"column":14}},"67":{"start":{"line":68,"column":0},"end":{"line":68,"column":27}},"68":{"start":{"line":69,"column":0},"end":{"line":69,"column":7}},"69":{"start":{"line":70,"column":0},"end":{"line":70,"column":13}},"70":{"start":{"line":71,"column":0},"end":{"line":71,"column":5}},"71":{"start":{"line":72,"column":0},"end":{"line":72,"column":52}},"72":{"start":{"line":73,"column":0},"end":{"line":73,"column":25}},"73":{"start":{"line":74,"column":0},"end":{"line":74,"column":13}},"74":{"start":{"line":75,"column":0},"end":{"line":75,"column":5}},"75":{"start":{"line":76,"column":0},"end":{"line":76,"column":18}},"76":{"start":{"line":77,"column":0},"end":{"line":77,"column":4}},"77":{"start":{"line":78,"column":0},"end":{"line":78,"column":1}},"78":{"start":{"line":79,"column":0},"end":{"line":79,"column":0}},"79":{"start":{"line":80,"column":0},"end":{"line":80,"column":92}},"80":{"start":{"line":81,"column":0},"end":{"line":81,"column":22}},"81":{"start":{"line":82,"column":0},"end":{"line":82,"column":33}},"82":{"start":{"line":83,"column":0},"end":{"line":83,"column":4}},"83":{"start":{"line":84,"column":0},"end":{"line":84,"column":1}}},"s":{"0":1,"1":1,"2":1,"3":1,"4":1,"5":1,"6":1,"7":1,"8":1,"9":1,"10":1,"11":1,"12":1,"13":1,"14":1,"15":2,"16":2,"17":2,"18":3,"19":3,"20":2,"21":2,"22":2,"23":2,"24":3,"25":3,"26":3,"27":2,"28":2,"29":2,"30":2,"31":2,"32":2,"33":2,"34":2,"35":1,"36":1,"37":1,"38":1,"39":1,"40":1,"41":1,"42":1,"43":1,"44":2,"45":2,"46":2,"47":2,"48":2,"49":2,"50":2,"51":2,"52":1,"53":1,"54":1,"55":1,"56":1,"57":1,"58":1,"59":0,"60":0,"61":0,"62":0,"63":0,"64":0,"65":0,"66":0,"67":0,"68":0,"69":0,"70":0,"71":0,"72":0,"73":0,"74":0,"75":0,"76":0,"77":0,"78":1,"79":1,"80":1,"81":1,"82":1,"83":1},"branchMap":{"0":{"type":"branch","line":15,"loc":{"start":{"line":15,"column":7},"end":{"line":52,"column":1}},"locations":[{"start":{"line":15,"column":7},"end":{"line":52,"column":1}}]},"1":{"type":"branch","line":18,"loc":{"start":{"line":18,"column":2},"end":{"line":20,"column":3}},"locations":[{"start":{"line":18,"column":2},"end":{"line":20,"column":3}}]},"2":{"type":"branch","line":22,"loc":{"start":{"line":22,"column":2},"end":{"line":51,"column":3}},"locations":[{"start":{"line":22,"column":2},"end":{"line":51,"column":3}}]},"3":{"type":"branch","line":24,"loc":{"start":{"line":24,"column":44},"end":{"line":45,"column":7}},"locations":[{"start":{"line":24,"column":44},"end":{"line":45,"column":7}}]},"4":{"type":"branch","line":27,"loc":{"start":{"line":27,"column":22},"end":{"line":44,"column":9}},"locations":[{"start":{"line":27,"column":22},"end":{"line":44,"column":9}}]},"5":{"type":"branch","line":35,"loc":{"start":{"line":35,"column":8},"end":{"line":44,"column":9}},"locations":[{"start":{"line":35,"column":8},"end":{"line":44,"column":9}}]},"6":{"type":"branch","line":40,"loc":{"start":{"line":40,"column":48},"end":{"line":40,"column":70}},"locations":[{"start":{"line":40,"column":48},"end":{"line":40,"column":70}}]},"7":{"type":"branch","line":80,"loc":{"start":{"line":80,"column":7},"end":{"line":84,"column":1}},"locations":[{"start":{"line":80,"column":7},"end":{"line":84,"column":1}}]},"8":{"type":"branch","line":81,"loc":{"start":{"line":81,"column":9},"end":{"line":83,"column":4}},"locations":[{"start":{"line":81,"column":9},"end":{"line":83,"column":4}}]}},"b":{"0":[2],"1":[3],"2":[2],"3":[3],"4":[2],"5":[1],"6":[0],"7":[1],"8":[1]},"fnMap":{"0":{"name":"<instance_members_initializer>","decl":{"start":{"line":15,"column":7},"end":{"line":52,"column":1}},"loc":{"start":{"line":15,"column":7},"end":{"line":52,"column":1}},"line":15},"1":{"name":"register","decl":{"start":{"line":18,"column":2},"end":{"line":20,"column":3}},"loc":{"start":{"line":18,"column":2},"end":{"line":20,"column":3}},"line":18},"2":{"name":"evaluate","decl":{"start":{"line":22,"column":2},"end":{"line":51,"column":3}},"loc":{"start":{"line":22,"column":2},"end":{"line":51,"column":3}},"line":22},"3":{"name":"httpHandler","decl":{"start":{"line":59,"column":7},"end":{"line":78,"column":1}},"loc":{"start":{"line":59,"column":7},"end":{"line":78,"column":1}},"line":59},"4":{"name":"databaseProbe","decl":{"start":{"line":80,"column":7},"end":{"line":84,"column":1}},"loc":{"start":{"line":80,"column":7},"end":{"line":84,"column":1}},"line":80}},"f":{"0":2,"1":3,"2":2,"3":0,"4":1}}
,"/home/dev/ai-aas/shared/ts/src/dataaccess/index.ts": {"path":"/home/dev/ai-aas/shared/ts/src/dataaccess/index.ts","all":false,"statementMap":{"0":{"start":{"line":1,"column":0},"end":{"line":1,"column":26}},"1":{"start":{"line":2,"column":0},"end":{"line":2,"column":48}},"2":{"start":{"line":3,"column":0},"end":{"line":3,"column":53}},"3":{"start":{"line":4,"column":0},"end":{"line":4,"column":0}},"4":{"start":{"line":5,"column":0},"end":{"line":5,"column":29}},"5":{"start":{"line":6,"column":0},"end":{"line":6,"column":13}},"6":{"start":{"line":7,"column":0},"end":{"line":7,"column":15}},"7":{"start":{"line":8,"column":0},"end":{"line":8,"column":1}},"8":{"start":{"line":9,"column":0},"end":{"line":9,"column":0}},"9":{"start":{"line":10,"column":0},"end":{"line":10,"column":68}},"10":{"start":{"line":11,"column":0},"end":{"line":11,"column":25}},"11":{"start":{"line":12,"column":0},"end":{"line":12,"column":33}},"12":{"start":{"line":13,"column":0},"end":{"line":13,"column":29}},"13":{"start":{"line":14,"column":0},"end":{"line":14,"column":48}},"14":{"start":{"line":15,"column":0},"end":{"line":15,"column":5}},"15":{"start":{"line":16,"column":0},"end":{"line":16,"column":0}},"16":{"start":{"line":17,"column":0},"end":{"line":17,"column":46}},"17":{"start":{"line":18,"column":0},"end":{"line":18,"column":1}}},"s":{"0":1,"1":1,"2":1,"3":1,"4":1,"5":1,"6":1,"7":1,"8":1,"9":1,"10":1,"11":1,"12":1,"13":1,"14":1,"15":1,"16":1,"17":1},"branchMap":{"0":{"type":"branch","line":10,"loc":{"start":{"line":10,"column":7},"end":{"line":18,"column":1}},"locations":[{"start":{"line":10,"column":7},"end":{"line":18,"column":1}}]}},"b":{"0":[1]},"fnMap":{"0":{"name":"initDataAccess","decl":{"start":{"line":10,"column":7},"end":{"line":18,"column":1}},"loc":{"start":{"line":10,"column":7},"end":{"line":18,"column":1}},"line":10}},"f":{"0":1}}
,"/home/dev/ai-aas/shared/ts/src/errors/index.ts": {"path":"/home/dev/ai-aas/shared/ts/src/errors/index.ts","all":false,"statementMap":{"0":{"start":{"line":1,"column":0},"end":{"line":1,"column":24}},"1":{"start":{"line":2,"column":0},"end":{"line":2,"column":18}},"2":{"start":{"line":3,"column":0},"end":{"line":3,"column":18}},"3":{"start":{"line":4,"column":0},"end":{"line":4,"column":1}},"4":{"start":{"line":5,"column":0},"end":{"line":5,"column":0}},"5":{"start":{"line":6,"column":0},"end":{"line":6,"column":32}},"6":{"start":{"line":7,"column":0},"end":{"line":7,"column":16}},"7":{"start":{"line":8,"column":0},"end":{"line":8,"column":15}},"8":{"start":{"line":9,"column":0},"end":{"line":9,"column":18}},"9":{"start":{"line":10,"column":0},"end":{"line":10,"column":22}},"10":{"start":{"line":11,"column":0},"end":{"line":11,"column":20}},"11":{"start":{"line":12,"column":0},"end":{"line":12,"column":16}},"12":{"start":{"line":13,"column":0},"end":{"line":13,"column":20}},"13":{"start":{"line":14,"column":0},"end":{"line":14,"column":1}},"14":{"start":{"line":15,"column":0},"end":{"line":15,"column":0}},"15":{"start":{"line":16,"column":0},"end":{"line":16,"column":40}},"16":{"start":{"line":17,"column":0},"end":{"line":17,"column":14}},"17":{"start":{"line":18,"column":0},"end":{"line":18,"column":33}},"18":{"start":{"line":19,"column":0},"end":{"line":19,"column":20}},"19":{"start":{"line":20,"column":0},"end":{"line":20,"column":30}},"20":{"start":{"line":21,"column":0},"end":{"line":21,"column":22}},"21":{"start":{"line":22,"column":0},"end":{"line":22,"column":25}},"22":{"start":{"line":23,"column":0},"end":{"line":23,"column":23}},"23":{"start":{"line":24,"column":0},"end":{"line":24,"column":20}},"24":{"start":{"line":25,"column":0},"end":{"line":25,"column":23}},"25":{"start":{"line":26,"column":0},"end":{"line":26,"column":11}},"26":{"start":{"line":27,"column":0},"end":{"line":27,"column":5}},"27":{"start":{"line":28,"column":0},"end":{"line":28,"column":19}},"28":{"start":{"line":29,"column":0},"end":{"line":29,"column":3}},"29":{"start":{"line":30,"column":0},"end":{"line":30,"column":0}},"30":{"start":{"line":31,"column":0},"end":{"line":31,"column":31}},"31":{"start":{"line":32,"column":0},"end":{"line":32,"column":12}},"32":{"start":{"line":33,"column":0},"end":{"line":33,"column":26}},"33":{"start":{"line":34,"column":0},"end":{"line":34,"column":22}},"34":{"start":{"line":35,"column":0},"end":{"line":35,"column":34}},"35":{"start":{"line":36,"column":0},"end":{"line":36,"column":41}},"36":{"start":{"line":37,"column":0},"end":{"line":37,"column":37}},"37":{"start":{"line":38,"column":0},"end":{"line":38,"column":32}},"38":{"start":{"line":39,"column":0},"end":{"line":39,"column":70}},"39":{"start":{"line":40,"column":0},"end":{"line":40,"column":6}},"40":{"start":{"line":41,"column":0},"end":{"line":41,"column":3}},"41":{"start":{"line":42,"column":0},"end":{"line":42,"column":1}},"42":{"start":{"line":43,"column":0},"end":{"line":43,"column":0}},"43":{"start":{"line":44,"column":0},"end":{"line":44,"column":58}},"44":{"start":{"line":45,"column":0},"end":{"line":45,"column":35}},"45":{"start":{"line":46,"column":0},"end":{"line":46,"column":15}},"46":{"start":{"line":47,"column":0},"end":{"line":47,"column":3}},"47":{"start":{"line":48,"column":0},"end":{"line":48,"column":67}},"48":{"start":{"line":49,"column":0},"end":{"line":49,"column":87}},"49":{"start":{"line":50,"column":0},"end":{"line":50,"column":1}},"50":{"start":{"line":51,"column":0},"end":{"line":51,"column":0}},"51":{"start":{"line":52,"column":0},"end":{"line":52,"column":62}},"52":{"start":{"line":53,"column":0},"end":{"line":53,"column":41}},"53":{"start":{"line":54,"column":0},"end":{"line":54,"column":1}}},"s":{"0":1,"1":1,"2":1,"3":1,"4":1,"5":1,"6":1,"7":1,"8":1,"9":1,"10":1,"11":1,"12":1,"13":1,"14":1,"15":1,"16":1,"17":4,"18":4,"19":4,"20":4,"21":4,"22":4,"23":4,"24":4,"25":4,"26":4,"27":4,"28":4,"29":1,"30":1,"31":4,"32":4,"33":4,"34":4,"35":4,"36":4,"37":4,"38":4,"39":4,"40":4,"41":1,"42":1,"43":1,"44":3,"45":0,"46":0,"47":3,"48":3,"49":3,"50":1,"51":1,"52":3,"53":3},"branchMap":{"0":{"type":"branch","line":17,"loc":{"start":{"line":17,"column":2},"end":{"line":29,"column":3}},"locations":[{"start":{"line":17,"column":2},"end":{"line":29,"column":3}}]},"1":{"type":"branch","line":31,"loc":{"start":{"line":31,"column":2},"end":{"line":41,"column":3}},"locations":[{"start":{"line":31,"column":2},"end":{"line":41,"column":3}}]},"2":{"type":"branch","line":44,"loc":{"start":{"line":44,"column":7},"end":{"line":50,"column":1}},"locations":[{"start":{"line":44,"column":7},"end":{"line":50,"column":1}}]},"3":{"type":"branch","line":45,"loc":{"start":{"line":45,"column":34},"end":{"line":47,"column":3}},"locations":[{"start":{"line":45,"column":34},"end":{"line":47,"column":3}}]},"4":{"type":"branch","line":48,"loc":{"start":{"line":48,"column":45},"end":{"line":48,"column":67}},"locations":[{"start":{"line":48,"column":45},"end":{"line":48,"column":67}}]},"5":{"type":"branch","line":52,"loc":{"start":{"line":52,"column":7},"end":{"line":54,"column":1}},"locations":[{"start":{"line":52,"column":7},"end":{"line":54,"column":1}}]}},"b":{"0":[4],"1":[4],"2":[3],"3":[0],"4":[0],"5":[3]},"fnMap":{"0":{"name":"SharedError","decl":{"start":{"line":17,"column":2},"end":{"line":29,"column":3}},"loc":{"start":{"line":17,"column":2},"end":{"line":29,"column":3}},"line":17},"1":{"name":"toResponse","decl":{"start":{"line":31,"column":2},"end":{"line":41,"column":3}},"loc":{"start":{"line":31,"column":2},"end":{"line":41,"column":3}},"line":31},"2":{"name":"toSharedError","decl":{"start":{"line":44,"column":7},"end":{"line":50,"column":1}},"loc":{"start":{"line":44,"column":7},"end":{"line":50,"column":1}},"line":44},"3":{"name":"toErrorResponse","decl":{"start":{"line":52,"column":7},"end":{"line":54,"column":1}},"loc":{"start":{"line":52,"column":7},"end":{"line":54,"column":1}},"line":52}},"f":{"0":4,"1":4,"2":3,"3":3}}
,"/home/dev/ai-aas/shared/ts/src/observability/index.ts": {"path":"/home/dev/ai-aas/shared/ts/src/observability/index.ts","all":false,"statementMap":{"0":{"start":{"line":1,"column":0},"end":{"line":1,"column":75}},"1":{"start":{"line":2,"column":0},"end":{"line":2,"column":54}},"2":{"start":{"line":3,"column":0},"end":{"line":3,"column":96}},"3":{"start":{"line":4,"column":0},"end":{"line":4,"column":96}},"4":{"start":{"line":5,"column":0},"end":{"line":5,"column":52}},"5":{"start":{"line":6,"column":0},"end":{"line":6,"column":50}},"6":{"start":{"line":7,"column":0},"end":{"line":7,"column":81}},"7":{"start":{"line":8,"column":0},"end":{"line":8,"column":0}},"8":{"start":{"line":9,"column":0},"end":{"line":9,"column":49}},"9":{"start":{"line":10,"column":0},"end":{"line":10,"column":62}},"10":{"start":{"line":11,"column":0},"end":{"line":11,"column":0}},"11":{"start":{"line":12,"column":0},"end":{"line":12,"column":59}},"12":{"start":{"line":13,"column":0},"end":{"line":13,"column":0}},"13":{"start":{"line":14,"column":0},"end":{"line":14,"column":34}},"14":{"start":{"line":15,"column":0},"end":{"line":15,"column":0}},"15":{"start":{"line":16,"column":0},"end":{"line":16,"column":38}},"16":{"start":{"line":17,"column":0},"end":{"line":17,"column":20}},"17":{"start":{"line":18,"column":0},"end":{"line":18,"column":54}},"18":{"start":{"line":19,"column":0},"end":{"line":19,"column":4}},"19":{"start":{"line":20,"column":0},"end":{"line":20,"column":2}},"20":{"start":{"line":21,"column":0},"end":{"line":21,"column":0}},"21":{"start":{"line":22,"column":0},"end":{"line":22,"column":28}},"22":{"start":{"line":23,"column":0},"end":{"line":23,"column":28}},"23":{"start":{"line":24,"column":0},"end":{"line":24,"column":1}},"24":{"start":{"line":25,"column":0},"end":{"line":25,"column":0}},"25":{"start":{"line":26,"column":0},"end":{"line":26,"column":131}},"26":{"start":{"line":27,"column":0},"end":{"line":27,"column":65}},"27":{"start":{"line":28,"column":0},"end":{"line":28,"column":75}},"28":{"start":{"line":29,"column":0},"end":{"line":29,"column":70}},"29":{"start":{"line":30,"column":0},"end":{"line":30,"column":29}},"30":{"start":{"line":31,"column":0},"end":{"line":31,"column":3}},"31":{"start":{"line":32,"column":0},"end":{"line":32,"column":46}},"32":{"start":{"line":33,"column":0},"end":{"line":33,"column":1}},"33":{"start":{"line":34,"column":0},"end":{"line":34,"column":0}},"34":{"start":{"line":35,"column":0},"end":{"line":35,"column":38}},"35":{"start":{"line":36,"column":0},"end":{"line":36,"column":74}},"36":{"start":{"line":37,"column":0},"end":{"line":37,"column":29}},"37":{"start":{"line":38,"column":0},"end":{"line":38,"column":23}},"38":{"start":{"line":39,"column":0},"end":{"line":39,"column":18}},"39":{"start":{"line":40,"column":0},"end":{"line":40,"column":30}},"40":{"start":{"line":41,"column":0},"end":{"line":41,"column":30}},"41":{"start":{"line":42,"column":0},"end":{"line":42,"column":36}},"42":{"start":{"line":43,"column":0},"end":{"line":43,"column":34}},"43":{"start":{"line":44,"column":0},"end":{"line":44,"column":45}},"44":{"start":{"line":45,"column":0},"end":{"line":45,"column":10}},"45":{"start":{"line":46,"column":0},"end":{"line":46,"column":30}},"46":{"start":{"line":47,"column":0},"end":{"line":47,"column":31}},"47":{"start":{"line":48,"column":0},"end":{"line":48,"column":50}},"48":{"start":{"line":49,"column":0},"end":{"line":49,"column":96}},"49":{"start":{"line":50,"column":0},"end":{"line":50,"column":45}},"50":{"start":{"line":51,"column":0},"end":{"line":51,"column":11}},"51":{"start":{"line":52,"column":0},"end":{"line":52,"column":0}},"52":{"start":{"line":53,"column":0},"end":{"line":53,"column":27}},"53":{"start":{"line":54,"column":0},"end":{"line":54,"column":28}},"54":{"start":{"line":55,"column":0},"end":{"line":55,"column":28}},"55":{"start":{"line":56,"column":0},"end":{"line":56,"column":68}},"56":{"start":{"line":57,"column":0},"end":{"line":57,"column":95}},"57":{"start":{"line":58,"column":0},"end":{"line":58,"column":7}},"58":{"start":{"line":59,"column":0},"end":{"line":59,"column":5}},"59":{"start":{"line":60,"column":0},"end":{"line":60,"column":0}},"60":{"start":{"line":61,"column":0},"end":{"line":61,"column":7}},"61":{"start":{"line":62,"column":0},"end":{"line":62,"column":22}},"62":{"start":{"line":63,"column":0},"end":{"line":63,"column":12}},"63":{"start":{"line":64,"column":0},"end":{"line":64,"column":29}},"64":{"start":{"line":65,"column":0},"end":{"line":65,"column":29}},"65":{"start":{"line":66,"column":0},"end":{"line":66,"column":8}},"66":{"start":{"line":67,"column":0},"end":{"line":67,"column":6}},"67":{"start":{"line":68,"column":0},"end":{"line":68,"column":19}},"68":{"start":{"line":69,"column":0},"end":{"line":69,"column":69}},"69":{"start":{"line":70,"column":0},"end":{"line":70,"column":75}},"70":{"start":{"line":71,"column":0},"end":{"line":71,"column":48}},"71":{"start":{"line":72,"column":0},"end":{"line":72,"column":0}},"72":{"start":{"line":73,"column":0},"end":{"line":73,"column":58}},"73":{"start":{"line":74,"column":0},"end":{"line":74,"column":26}},"74":{"start":{"line":75,"column":0},"end":{"line":75,"column":18}},"75":{"start":{"line":76,"column":0},"end":{"line":76,"column":34}},"76":{"start":{"line":77,"column":0},"end":{"line":77,"column":8}},"77":{"start":{"line":78,"column":0},"end":{"line":78,"column":55}},"78":{"start":{"line":79,"column":0},"end":{"line":79,"column":5}},"79":{"start":{"line":80,"column":0},"end":{"line":80,"column":0}},"80":{"start":{"line":81,"column":0},"end":{"line":81,"column":70}},"81":{"start":{"line":82,"column":0},"end":{"line":82,"column":29}},"82":{"start":{"line":83,"column":0},"end":{"line":83,"column":3}},"83":{"start":{"line":84,"column":0},"end":{"line":84,"column":1}},"84":{"start":{"line":85,"column":0},"end":{"line":85,"column":0}},"85":{"start":{"line":86,"column":0},"end":{"line":86,"column":79}},"86":{"start":{"line":87,"column":0},"end":{"line":87,"column":54}},"87":{"start":{"line":88,"column":0},"end":{"line":88,"column":21}},"88":{"start":{"line":89,"column":0},"end":{"line":89,"column":3}},"89":{"start":{"line":90,"column":0},"end":{"line":90,"column":28}},"90":{"start":{"line":91,"column":0},"end":{"line":91,"column":55}},"91":{"start":{"line":92,"column":0},"end":{"line":92,"column":23}},"92":{"start":{"line":93,"column":0},"end":{"line":93,"column":3}},"93":{"start":{"line":94,"column":0},"end":{"line":94,"column":12}},"94":{"start":{"line":95,"column":0},"end":{"line":95,"column":1}},"95":{"start":{"line":96,"column":0},"end":{"line":96,"column":0}},"96":{"start":{"line":97,"column":0},"end":{"line":97,"column":56}},"97":{"start":{"line":98,"column":0},"end":{"line":98,"column":43}},"98":{"start":{"line":99,"column":0},"end":{"line":99,"column":27}},"99":{"start":{"line":100,"column":0},"end":{"line":100,"column":3}},"100":{"start":{"line":101,"column":0},"end":{"line":101,"column":52}},"101":{"start":{"line":102,"column":0},"end":{"line":102,"column":68}},"102":{"start":{"line":103,"column":0},"end":{"line":103,"column":29}},"103":{"start":{"line":104,"column":0},"end":{"line":104,"column":1}},"104":{"start":{"line":105,"column":0},"end":{"line":105,"column":0}},"105":{"start":{"line":106,"column":0},"end":{"line":106,"column":8}},"106":{"start":{"line":107,"column":0},"end":{"line":107,"column":28}},"107":{"start":{"line":108,"column":0},"end":{"line":108,"column":24}},"108":{"start":{"line":109,"column":0},"end":{"line":109,"column":32}},"109":{"start":{"line":110,"column":0},"end":{"line":110,"column":19}}},"s":{"0":1,"1":1,"2":1,"3":1,"4":1,"5":1,"6":1,"7":1,"8":1,"9":1,"10":1,"11":1,"12":1,"13":1,"14":1,"15":1,"16":1,"17":1,"18":1,"19":1,"20":1,"21":1,"22":1,"23":1,"24":1,"25":3,"26":3,"27":0,"28":0,"29":0,"30":0,"31":3,"32":3,"33":1,"34":4,"35":4,"36":4,"37":4,"38":4,"39":4,"40":2,"41":2,"42":2,"43":2,"44":2,"45":2,"46":2,"47":2,"48":2,"49":2,"50":2,"51":4,"52":4,"53":4,"54":4,"55":4,"56":4,"57":4,"58":4,"59":4,"60":4,"61":4,"62":2,"63":2,"64":2,"65":2,"66":2,"67":2,"68":2,"69":2,"70":2,"71":2,"72":2,"73":1,"74":1,"75":1,"76":1,"77":1,"78":1,"79":1,"80":1,"81":1,"82":1,"83":4,"84":1,"85":2,"86":2,"87":1,"88":1,"89":1,"90":1,"91":1,"92":1,"93":1,"94":1,"95":1,"96":2,"97":2,"98":0,"99":0,"100":2,"101":2,"102":2,"103":2,"104":1,"105":1,"106":1,"107":1,"108":1,"109":1},"branchMap":{"0":{"type":"branch","line":17,"loc":{"start":{"line":17,"column":2},"end":{"line":19,"column":4}},"locations":[{"start":{"line":17,"column":2},"end":{"line":19,"column":4}}]},"1":{"type":"branch","line":26,"loc":{"start":{"line":26,"column":0},"end":{"line":33,"column":1}},"locations":[{"start":{"line":26,"column":0},"end":{"line":33,"column":1}}]},"2":{"type":"branch","line":27,"loc":{"start":{"line":27,"column":26},"end":{"line":27,"column":64}},"locations":[{"start":{"line":27,"column":26},"end":{"line":27,"column":64}}]},"3":{"type":"branch","line":27,"loc":{"start":{"line":27,"column":64},"end":{"line":31,"column":3}},"locations":[{"start":{"line":27,"column":64},"end":{"line":31,"column":3}}]},"4":{"type":"branch","line":35,"loc":{"start":{"line":35,"column":0},"end":{"line":84,"column":1}},"locations":[{"start":{"line":35,"column":0},"end":{"line":84,"column":1}}]},"5":{"type":"branch","line":40,"loc":{"start":{"line":40,"column":24},"end":{"line":45,"column":10}},"locations":[{"start":{"line":40,"column":24},"end":{"line":45,"column":10}}]},"6":{"type":"branch","line":45,"loc":{"start":{"line":45,"column":9},"end":{"line":51,"column":11}},"locations":[{"start":{"line":45,"column":9},"end":{"line":51,"column":11}}]},"7":{"type":"branch","line":49,"loc":{"start":{"line":49,"column":30},"end":{"line":49,"column":72}},"locations":[{"start":{"line":49,"column":30},"end":{"line":49,"column":72}}]},"8":{"type":"branch","line":49,"loc":{"start":{"line":49,"column":68},"end":{"line":49,"column":96}},"locations":[{"start":{"line":49,"column":68},"end":{"line":49,"column":96}}]},"9":{"type":"branch","line":57,"loc":{"start":{"line":57,"column":66},"end":{"line":57,"column":95}},"locations":[{"start":{"line":57,"column":66},"end":{"line":57,"column":95}}]},"10":{"type":"branch","line":62,"loc":{"start":{"line":62,"column":20},"end":{"line":83,"column":3}},"locations":[{"start":{"line":62,"column":20},"end":{"line":83,"column":3}}]},"11":{"type":"branch","line":73,"loc":{"start":{"line":73,"column":28},"end":{"line":73,"column":57}},"locations":[{"start":{"line":73,"column":28},"end":{"line":73,"column":57}}]},"12":{"type":"branch","line":73,"loc":{"start":{"line":73,"column":57},"end":{"line":83,"column":3}},"locations":[{"start":{"line":73,"column":57},"end":{"line":83,"column":3}}]},"13":{"type":"branch","line":64,"loc":{"start":{"line":64,"column":16},"end":{"line":66,"column":8}},"locations":[{"start":{"line":64,"column":16},"end":{"line":66,"column":8}}]},"14":{"type":"branch","line":86,"loc":{"start":{"line":86,"column":0},"end":{"line":95,"column":1}},"locations":[{"start":{"line":86,"column":0},"end":{"line":95,"column":1}}]},"15":{"type":"branch","line":87,"loc":{"start":{"line":87,"column":53},"end":{"line":95,"column":1}},"locations":[{"start":{"line":87,"column":53},"end":{"line":95,"column":1}}]},"16":{"type":"branch","line":97,"loc":{"start":{"line":97,"column":0},"end":{"line":104,"column":1}},"locations":[{"start":{"line":97,"column":0},"end":{"line":104,"column":1}}]},"17":{"type":"branch","line":98,"loc":{"start":{"line":98,"column":42},"end":{"line":100,"column":3}},"locations":[{"start":{"line":98,"column":42},"end":{"line":100,"column":3}}]},"18":{"type":"branch","line":101,"loc":{"start":{"line":101,"column":35},"end":{"line":101,"column":52}},"locations":[{"start":{"line":101,"column":35},"end":{"line":101,"column":52}}]}},"b":{"0":[1],"1":[3],"2":[1],"3":[0],"4":[4],"5":[2],"6":[2],"7":[1],"8":[1],"9":[3],"10":[2],"11":[1],"12":[1],"13":[2],"14":[2],"15":[1],"16":[2],"17":[0],"18":[0]},"fnMap":{"0":{"name":"shutdown","decl":{"start":{"line":17,"column":2},"end":{"line":19,"column":4}},"loc":{"start":{"line":17,"column":2},"end":{"line":19,"column":4}},"line":17},"1":{"name":"startTelemetry","decl":{"start":{"line":26,"column":0},"end":{"line":33,"column":1}},"loc":{"start":{"line":26,"column":0},"end":{"line":33,"column":1}},"line":26},"2":{"name":"startTelemetryInternal","decl":{"start":{"line":35,"column":0},"end":{"line":84,"column":1}},"loc":{"start":{"line":35,"column":0},"end":{"line":84,"column":1}},"line":35},"3":{"name":"shutdown","decl":{"start":{"line":64,"column":16},"end":{"line":66,"column":8}},"loc":{"start":{"line":64,"column":16},"end":{"line":66,"column":8}},"line":64},"4":{"name":"buildMetadata","decl":{"start":{"line":86,"column":0},"end":{"line":95,"column":1}},"loc":{"start":{"line":86,"column":0},"end":{"line":95,"column":1}},"line":86},"5":{"name":"buildHttpUrl","decl":{"start":{"line":97,"column":0},"end":{"line":104,"column":1}},"loc":{"start":{"line":97,"column":0},"end":{"line":104,"column":1}},"line":97}},"f":{"0":1,"1":3,"2":4,"3":2,"4":2,"5":2}}
,"/home/dev/ai-aas/shared/ts/src/observability/metrics.ts": {"path":"/home/dev/ai-aas/shared/ts/src/observability/metrics.ts","all":false,"statementMap":{"0":{"start":{"line":1,"column":0},"end":{"line":1,"column":38}},"1":{"start":{"line":2,"column":0},"end":{"line":2,"column":0}},"2":{"start":{"line":3,"column":0},"end":{"line":3,"column":54}},"3":{"start":{"line":4,"column":0},"end":{"line":4,"column":49}},"4":{"start":{"line":5,"column":0},"end":{"line":5,"column":76}},"5":{"start":{"line":6,"column":0},"end":{"line":6,"column":52}},"6":{"start":{"line":7,"column":0},"end":{"line":7,"column":3}},"7":{"start":{"line":8,"column":0},"end":{"line":8,"column":0}},"8":{"start":{"line":9,"column":0},"end":{"line":9,"column":90}},"9":{"start":{"line":10,"column":0},"end":{"line":10,"column":77}},"10":{"start":{"line":11,"column":0},"end":{"line":11,"column":1}},"11":{"start":{"line":12,"column":0},"end":{"line":12,"column":0}},"12":{"start":{"line":13,"column":0},"end":{"line":13,"column":47}},"13":{"start":{"line":14,"column":0},"end":{"line":14,"column":36}},"14":{"start":{"line":15,"column":0},"end":{"line":15,"column":1}},"15":{"start":{"line":16,"column":0},"end":{"line":16,"column":0}},"16":{"start":{"line":17,"column":0},"end":{"line":17,"column":109}},"17":{"start":{"line":18,"column":0},"end":{"line":18,"column":55}},"18":{"start":{"line":19,"column":0},"end":{"line":19,"column":38}},"19":{"start":{"line":20,"column":0},"end":{"line":20,"column":14}},"20":{"start":{"line":21,"column":0},"end":{"line":21,"column":101}},"21":{"start":{"line":22,"column":0},"end":{"line":22,"column":4}},"22":{"start":{"line":23,"column":0},"end":{"line":23,"column":28}},"23":{"start":{"line":24,"column":0},"end":{"line":24,"column":1}}},"s":{"0":1,"1":1,"2":1,"3":1,"4":1,"5":1,"6":1,"7":1,"8":1,"9":3,"10":3,"11":1,"12":1,"13":3,"14":3,"15":1,"16":3,"17":3,"18":3,"19":3,"20":6,"21":3,"22":3,"23":3},"branchMap":{"0":{"type":"branch","line":9,"loc":{"start":{"line":9,"column":7},"end":{"line":11,"column":1}},"locations":[{"start":{"line":9,"column":7},"end":{"line":11,"column":1}}]},"1":{"type":"branch","line":10,"loc":{"start":{"line":10,"column":35},"end":{"line":10,"column":61}},"locations":[{"start":{"line":10,"column":35},"end":{"line":10,"column":61}}]},"2":{"type":"branch","line":13,"loc":{"start":{"line":13,"column":7},"end":{"line":15,"column":1}},"locations":[{"start":{"line":13,"column":7},"end":{"line":15,"column":1}}]},"3":{"type":"branch","line":17,"loc":{"start":{"line":17,"column":0},"end":{"line":24,"column":1}},"locations":[{"start":{"line":17,"column":0},"end":{"line":24,"column":1}}]},"4":{"type":"branch","line":23,"loc":{"start":{"line":23,"column":17},"end":{"line":23,"column":28}},"locations":[{"start":{"line":23,"column":17},"end":{"line":23,"column":28}}]},"5":{"type":"branch","line":20,"loc":{"start":{"line":20,"column":4},"end":{"line":21,"column":101}},"locations":[{"start":{"line":20,"column":4},"end":{"line":21,"column":101}}]},"6":{"type":"branch","line":21,"loc":{"start":{"line":21,"column":37},"end":{"line":21,"column":66}},"locations":[{"start":{"line":21,"column":37},"end":{"line":21,"column":66}}]}},"b":{"0":[3],"1":[0],"2":[3],"3":[3],"4":[0],"5":[6],"6":[0]},"fnMap":{"0":{"name":"incrementTelemetryExporterFailure","decl":{"start":{"line":9,"column":7},"end":{"line":11,"column":1}},"loc":{"start":{"line":9,"column":7},"end":{"line":11,"column":1}},"line":9},"1":{"name":"resetTelemetryMetrics","decl":{"start":{"line":13,"column":7},"end":{"line":15,"column":1}},"loc":{"start":{"line":13,"column":7},"end":{"line":15,"column":1}},"line":13},"2":{"name":"telemetryExporterFailureCount","decl":{"start":{"line":17,"column":0},"end":{"line":24,"column":1}},"loc":{"start":{"line":17,"column":0},"end":{"line":24,"column":1}},"line":17}},"f":{"0":3,"1":3,"2":3}}
,"/home/dev/ai-aas/shared/ts/src/observability/middleware.ts": {"path":"/home/dev/ai-aas/shared/ts/src/observability/middleware.ts","all":false,"statementMap":{"0":{"start":{"line":1,"column":0},"end":{"line":1,"column":41}},"1":{"start":{"line":2,"column":0},"end":{"line":2,"column":0}},"2":{"start":{"line":3,"column":0},"end":{"line":3,"column":37}},"3":{"start":{"line":4,"column":0},"end":{"line":4,"column":35}},"4":{"start":{"line":5,"column":0},"end":{"line":5,"column":14}},"5":{"start":{"line":6,"column":0},"end":{"line":6,"column":1}},"6":{"start":{"line":7,"column":0},"end":{"line":7,"column":0}},"7":{"start":{"line":8,"column":0},"end":{"line":8,"column":34}},"8":{"start":{"line":9,"column":0},"end":{"line":9,"column":48}},"9":{"start":{"line":10,"column":0},"end":{"line":10,"column":1}},"10":{"start":{"line":11,"column":0},"end":{"line":11,"column":0}},"11":{"start":{"line":12,"column":0},"end":{"line":12,"column":44}},"12":{"start":{"line":13,"column":0},"end":{"line":13,"column":39}},"13":{"start":{"line":14,"column":0},"end":{"line":14,"column":32}},"14":{"start":{"line":15,"column":0},"end":{"line":15,"column":27}},"15":{"start":{"line":16,"column":0},"end":{"line":16,"column":5}},"16":{"start":{"line":17,"column":0},"end":{"line":17,"column":74}},"17":{"start":{"line":18,"column":0},"end":{"line":18,"column":44}},"18":{"start":{"line":19,"column":0},"end":{"line":19,"column":40}},"19":{"start":{"line":20,"column":0},"end":{"line":20,"column":23}},"20":{"start":{"line":21,"column":0},"end":{"line":21,"column":4}},"21":{"start":{"line":22,"column":0},"end":{"line":22,"column":1}}},"s":{"0":1,"1":1,"2":1,"3":1,"4":1,"5":1,"6":1,"7":1,"8":1,"9":1,"10":1,"11":1,"12":2,"13":2,"14":2,"15":2,"16":2,"17":2,"18":2,"19":2,"20":2,"21":2},"branchMap":{"0":{"type":"branch","line":12,"loc":{"start":{"line":12,"column":7},"end":{"line":22,"column":1}},"locations":[{"start":{"line":12,"column":7},"end":{"line":22,"column":1}}]},"1":{"type":"branch","line":13,"loc":{"start":{"line":13,"column":9},"end":{"line":21,"column":4}},"locations":[{"start":{"line":13,"column":9},"end":{"line":21,"column":4}}]},"2":{"type":"branch","line":17,"loc":{"start":{"line":17,"column":55},"end":{"line":17,"column":72}},"locations":[{"start":{"line":17,"column":55},"end":{"line":17,"column":72}}]}},"b":{"0":[2],"1":[2],"2":[1]},"fnMap":{"0":{"name":"createRequestContextHook","decl":{"start":{"line":12,"column":7},"end":{"line":22,"column":1}},"loc":{"start":{"line":12,"column":7},"end":{"line":22,"column":1}},"line":12},"1":{"name":"requestContext","decl":{"start":{"line":13,"column":9},"end":{"line":21,"column":4}},"loc":{"start":{"line":13,"column":9},"end":{"line":21,"column":4}},"line":13}},"f":{"0":2,"1":2}}
}
