mode: atomic
github.com/ai-aas/shared-go/auth/audit.go:18.13,19.53 1 1
github.com/ai-aas/shared-go/auth/audit.go:19.54,19.55 0 0
github.com/ai-aas/shared-go/auth/audit.go:23.47,24.21 1 2
github.com/ai-aas/shared-go/auth/audit.go:24.21,25.31 1 0
github.com/ai-aas/shared-go/auth/audit.go:25.32,25.33 0 0
github.com/ai-aas/shared-go/auth/audit.go:27.2,27.31 1 2
github.com/ai-aas/shared-go/auth/audit.go:30.36,33.2 2 2
github.com/ai-aas/shared-go/auth/audit.go:36.73,43.2 1 2
github.com/ai-aas/shared-go/auth/middleware.go:22.58,25.2 2 1
github.com/ai-aas/shared-go/auth/middleware.go:31.45,35.52 4 2
github.com/ai-aas/shared-go/auth/middleware.go:35.52,37.17 2 3
github.com/ai-aas/shared-go/auth/middleware.go:37.17,39.4 1 3
github.com/ai-aas/shared-go/auth/middleware.go:41.2,44.3 1 2
github.com/ai-aas/shared-go/auth/middleware.go:48.86,49.22 1 2
github.com/ai-aas/shared-go/auth/middleware.go:49.22,51.3 1 0
github.com/ai-aas/shared-go/auth/middleware.go:52.2,52.46 1 2
github.com/ai-aas/shared-go/auth/middleware.go:52.46,53.72 1 2
github.com/ai-aas/shared-go/auth/middleware.go:53.72,59.16 5 2
github.com/ai-aas/shared-go/auth/middleware.go:59.16,72.5 6 1
github.com/ai-aas/shared-go/auth/middleware.go:74.4,75.41 2 1
github.com/ai-aas/shared-go/auth/policy.go:22.55,24.16 2 0
github.com/ai-aas/shared-go/auth/policy.go:24.16,26.3 1 0
github.com/ai-aas/shared-go/auth/policy.go:27.2,28.25 2 0
github.com/ai-aas/shared-go/auth/policy.go:32.47,34.59 2 2
github.com/ai-aas/shared-go/auth/policy.go:34.59,36.3 1 0
github.com/ai-aas/shared-go/auth/policy.go:37.2,38.44 2 2
github.com/ai-aas/shared-go/auth/policy.go:38.44,41.17 3 2
github.com/ai-aas/shared-go/auth/policy.go:41.17,44.4 2 2
github.com/ai-aas/shared-go/auth/policy.go:45.3,45.30 1 2
github.com/ai-aas/shared-go/auth/policy.go:45.30,47.4 1 2
github.com/ai-aas/shared-go/auth/policy.go:49.2,49.20 1 2
github.com/ai-aas/shared-go/auth/policy.go:53.62,54.14 1 2
github.com/ai-aas/shared-go/auth/policy.go:54.14,56.3 1 0
github.com/ai-aas/shared-go/auth/policy.go:57.2,58.19 2 2
github.com/ai-aas/shared-go/auth/policy.go:58.19,60.3 1 0
github.com/ai-aas/shared-go/auth/policy.go:61.2,61.29 1 2
github.com/ai-aas/shared-go/auth/policy.go:61.29,62.65 1 2
github.com/ai-aas/shared-go/auth/policy.go:62.65,64.4 1 1
github.com/ai-aas/shared-go/auth/policy.go:66.2,66.14 1 1
github.com/ai-aas/shared-go/config/config.go:42.48,64.38 3 5
github.com/ai-aas/shared-go/config/config.go:64.38,66.3 1 3
github.com/ai-aas/shared-go/config/config.go:67.2,67.17 1 2
github.com/ai-aas/shared-go/config/config.go:71.43,73.16 2 1
github.com/ai-aas/shared-go/config/config.go:73.16,74.13 1 1
github.com/ai-aas/shared-go/config/config.go:76.2,76.12 1 0
github.com/ai-aas/shared-go/config/config.go:79.33,80.47 1 5
github.com/ai-aas/shared-go/config/config.go:80.47,82.3 1 2
github.com/ai-aas/shared-go/config/config.go:83.2,83.74 1 3
github.com/ai-aas/shared-go/config/config.go:83.74,85.3 1 1
github.com/ai-aas/shared-go/config/config.go:86.2,86.12 1 2
github.com/ai-aas/shared-go/config/config.go:89.42,90.40 1 30
github.com/ai-aas/shared-go/config/config.go:90.40,92.3 1 13
github.com/ai-aas/shared-go/config/config.go:93.2,93.17 1 17
github.com/ai-aas/shared-go/config/config.go:96.49,98.15 2 5
github.com/ai-aas/shared-go/config/config.go:98.15,100.3 1 4
github.com/ai-aas/shared-go/config/config.go:101.2,102.29 2 1
github.com/ai-aas/shared-go/config/config.go:102.29,104.17 2 2
github.com/ai-aas/shared-go/config/config.go:104.17,105.12 1 0
github.com/ai-aas/shared-go/config/config.go:107.3,108.19 2 2
github.com/ai-aas/shared-go/config/config.go:108.19,109.12 1 0
github.com/ai-aas/shared-go/config/config.go:111.3,111.63 1 2
github.com/ai-aas/shared-go/config/config.go:113.2,113.16 1 1
github.com/ai-aas/shared-go/config/config.go:116.46,117.40 1 10
github.com/ai-aas/shared-go/config/config.go:117.40,119.61 2 0
github.com/ai-aas/shared-go/config/config.go:119.61,121.4 1 0
github.com/ai-aas/shared-go/config/config.go:123.2,123.17 1 10
github.com/ai-aas/shared-go/config/config.go:126.71,127.40 1 5
github.com/ai-aas/shared-go/config/config.go:127.40,128.54 1 1
github.com/ai-aas/shared-go/config/config.go:128.54,130.4 1 1
github.com/ai-aas/shared-go/config/config.go:132.2,132.17 1 4
github.com/ai-aas/shared-go/config/config.go:135.49,136.40 1 5
github.com/ai-aas/shared-go/config/config.go:136.40,139.3 2 4
github.com/ai-aas/shared-go/config/config.go:140.2,140.17 1 1
github.com/ai-aas/shared-go/errors/errors.go:30.55,36.27 2 2
github.com/ai-aas/shared-go/errors/errors.go:36.27,38.3 1 6
github.com/ai-aas/shared-go/errors/errors.go:39.2,39.12 1 2
github.com/ai-aas/shared-go/errors/errors.go:43.32,45.2 1 0
github.com/ai-aas/shared-go/errors/errors.go:48.39,49.24 1 2
github.com/ai-aas/shared-go/errors/errors.go:49.24,51.3 1 2
github.com/ai-aas/shared-go/errors/errors.go:55.38,56.24 1 1
github.com/ai-aas/shared-go/errors/errors.go:56.24,58.3 1 1
github.com/ai-aas/shared-go/errors/errors.go:62.36,63.24 1 1
github.com/ai-aas/shared-go/errors/errors.go:63.24,65.3 1 1
github.com/ai-aas/shared-go/errors/errors.go:69.37,70.24 1 1
github.com/ai-aas/shared-go/errors/errors.go:70.24,72.3 1 1
github.com/ai-aas/shared-go/errors/errors.go:76.41,77.24 1 1
github.com/ai-aas/shared-go/errors/errors.go:77.24,79.3 1 1
github.com/ai-aas/shared-go/errors/errors.go:84.29,85.16 1 1
github.com/ai-aas/shared-go/errors/errors.go:85.16,87.3 1 0
github.com/ai-aas/shared-go/errors/errors.go:88.2,88.36 1 1
github.com/ai-aas/shared-go/errors/errors.go:88.36,90.3 1 0
github.com/ai-aas/shared-go/errors/errors.go:91.2,91.78 1 1
github.com/ai-aas/shared-go/errors/errors.go:95.41,97.2 1 1
github.com/ai-aas/shared-go/dataaccess/health.go:34.30,38.2 1 2
github.com/ai-aas/shared-go/dataaccess/health.go:41.55,45.2 3 4
github.com/ai-aas/shared-go/dataaccess/health.go:48.57,53.36 4 3
github.com/ai-aas/shared-go/dataaccess/health.go:53.36,60.17 4 5
github.com/ai-aas/shared-go/dataaccess/health.go:60.17,62.4 1 2
github.com/ai-aas/shared-go/dataaccess/health.go:63.3,63.24 1 5
github.com/ai-aas/shared-go/dataaccess/health.go:65.2,65.31 1 3
github.com/ai-aas/shared-go/dataaccess/health.go:69.46,70.54 1 1
github.com/ai-aas/shared-go/dataaccess/health.go:70.54,74.39 4 2
github.com/ai-aas/shared-go/dataaccess/health.go:74.39,75.22 1 3
github.com/ai-aas/shared-go/dataaccess/health.go:75.22,77.10 2 1
github.com/ai-aas/shared-go/dataaccess/health.go:80.3,82.40 3 2
github.com/ai-aas/shared-go/dataaccess/health.go:87.33,88.41 1 0
github.com/ai-aas/shared-go/dataaccess/health.go:88.41,90.3 1 0
github.com/ai-aas/shared-go/dataaccess/sql.go:11.94,13.16 2 2
github.com/ai-aas/shared-go/dataaccess/sql.go:13.16,15.3 1 0
github.com/ai-aas/shared-go/dataaccess/sql.go:16.2,17.44 2 2
github.com/ai-aas/shared-go/dataaccess/sql.go:17.44,20.3 2 1
github.com/ai-aas/shared-go/dataaccess/sql.go:21.2,21.16 1 1
github.com/ai-aas/shared-go/dataaccess/sql.go:25.58,29.2 3 3
github.com/ai-aas/shared-go/logging/config.go:26.29,33.2 1 3
github.com/ai-aas/shared-go/logging/config.go:36.53,39.2 2 1
github.com/ai-aas/shared-go/logging/config.go:42.52,45.2 2 1
github.com/ai-aas/shared-go/logging/config.go:48.51,51.2 2 1
github.com/ai-aas/shared-go/logging/config.go:54.52,57.2 2 1
github.com/ai-aas/shared-go/logging/config.go:60.55,61.34 1 8
github.com/ai-aas/shared-go/logging/config.go:61.34,63.3 1 8
github.com/ai-aas/shared-go/logging/config.go:64.2,64.21 1 0
github.com/ai-aas/shared-go/logging/config.go:68.38,70.2 1 11
github.com/ai-aas/shared-go/logging/config.go:73.37,75.2 1 2
github.com/ai-aas/shared-go/logging/logger.go:21.39,22.27 1 10
github.com/ai-aas/shared-go/logging/logger.go:22.27,24.3 1 1
github.com/ai-aas/shared-go/logging/logger.go:25.2,25.27 1 10
github.com/ai-aas/shared-go/logging/logger.go:25.27,27.3 1 1
github.com/ai-aas/shared-go/logging/logger.go:28.2,28.24 1 10
github.com/ai-aas/shared-go/logging/logger.go:28.24,30.3 1 1
github.com/ai-aas/shared-go/logging/logger.go:31.2,31.26 1 10
github.com/ai-aas/shared-go/logging/logger.go:31.26,33.3 1 0
github.com/ai-aas/shared-go/logging/logger.go:36.2,40.16 3 10
github.com/ai-aas/shared-go/logging/logger.go:40.16,42.3 1 1
github.com/ai-aas/shared-go/logging/logger.go:45.2,69.8 5 9
github.com/ai-aas/shared-go/logging/logger.go:73.34,75.16 2 1
github.com/ai-aas/shared-go/logging/logger.go:75.16,76.13 1 1
github.com/ai-aas/shared-go/logging/logger.go:78.2,78.15 1 0
github.com/ai-aas/shared-go/logging/logger.go:82.63,84.35 2 2
github.com/ai-aas/shared-go/logging/logger.go:84.35,86.3 1 2
github.com/ai-aas/shared-go/logging/logger.go:88.2,94.33 3 0
github.com/ai-aas/shared-go/logging/logger.go:98.62,100.2 1 1
github.com/ai-aas/shared-go/logging/logger.go:103.56,105.2 1 1
github.com/ai-aas/shared-go/logging/logger.go:108.54,110.2 1 1
github.com/ai-aas/shared-go/logging/logger.go:113.62,115.2 1 1
github.com/ai-aas/shared-go/logging/logger.go:118.31,120.2 1 9
github.com/ai-aas/shared-go/logging/logger.go:123.48,124.51 1 19
github.com/ai-aas/shared-go/logging/logger.go:125.15,126.28 1 5
github.com/ai-aas/shared-go/logging/logger.go:127.14,128.27 1 8
github.com/ai-aas/shared-go/logging/logger.go:129.25,130.27 1 2
github.com/ai-aas/shared-go/logging/logger.go:131.15,132.28 1 1
github.com/ai-aas/shared-go/logging/logger.go:133.10,134.27 1 3
github.com/ai-aas/shared-go/logging/logger.go:139.63,140.17 1 11
github.com/ai-aas/shared-go/logging/logger.go:140.17,145.3 4 9
github.com/ai-aas/shared-go/logging/logger.go:147.2,150.12 4 2
github.com/ai-aas/shared-go/logging/logger.go:154.54,155.31 1 13
github.com/ai-aas/shared-go/logging/logger.go:156.16,157.24 1 10
github.com/ai-aas/shared-go/logging/logger.go:158.16,159.24 1 1
github.com/ai-aas/shared-go/logging/logger.go:160.10,163.17 2 2
github.com/ai-aas/shared-go/logging/logger.go:163.17,165.4 1 1
github.com/ai-aas/shared-go/logging/logger.go:166.3,166.19 1 1
github.com/ai-aas/shared-go/logging/redaction.go:31.36,32.13 1 7
github.com/ai-aas/shared-go/logging/redaction.go:32.13,34.3 1 0
github.com/ai-aas/shared-go/logging/redaction.go:36.2,54.15 8 7
github.com/ai-aas/shared-go/logging/redaction.go:58.73,59.19 1 1
github.com/ai-aas/shared-go/logging/redaction.go:59.19,61.3 1 0
github.com/ai-aas/shared-go/logging/redaction.go:63.2,66.27 3 1
github.com/ai-aas/shared-go/logging/redaction.go:66.27,70.43 3 5
github.com/ai-aas/shared-go/logging/redaction.go:70.43,71.45 1 20
github.com/ai-aas/shared-go/logging/redaction.go:71.45,73.10 2 3
github.com/ai-aas/shared-go/logging/redaction.go:77.3,77.18 1 5
github.com/ai-aas/shared-go/logging/redaction.go:77.18,79.4 1 3
github.com/ai-aas/shared-go/logging/redaction.go:79.9,80.33 1 2
github.com/ai-aas/shared-go/logging/redaction.go:80.33,82.5 1 2
github.com/ai-aas/shared-go/logging/redaction.go:82.10,84.5 1 0
github.com/ai-aas/shared-go/logging/redaction.go:88.2,88.17 1 1
github.com/ai-aas/shared-go/logging/redaction.go:92.45,93.14 1 2
github.com/ai-aas/shared-go/logging/redaction.go:93.14,95.3 1 0
github.com/ai-aas/shared-go/logging/redaction.go:97.2,97.31 1 2
github.com/ai-aas/shared-go/logging/redaction.go:97.31,99.3 1 1
github.com/ai-aas/shared-go/logging/redaction.go:101.2,101.10 1 1
github.com/ai-aas/shared-go/observability/metrics.go:16.58,17.23 1 2
github.com/ai-aas/shared-go/observability/metrics.go:17.23,19.3 1 0
github.com/ai-aas/shared-go/observability/metrics.go:20.2,20.72 1 2
github.com/ai-aas/shared-go/observability/metrics.go:24.57,26.2 1 3
github.com/ai-aas/shared-go/observability/middleware.go:19.63,22.2 2 1
github.com/ai-aas/shared-go/observability/middleware.go:25.63,26.71 1 1
github.com/ai-aas/shared-go/observability/middleware.go:26.71,28.22 2 1
github.com/ai-aas/shared-go/observability/middleware.go:28.22,30.4 1 1
github.com/ai-aas/shared-go/observability/middleware.go:32.3,39.23 6 1
github.com/ai-aas/shared-go/observability/otel.go:38.56,39.29 1 4
github.com/ai-aas/shared-go/observability/otel.go:39.29,41.3 1 2
github.com/ai-aas/shared-go/observability/otel.go:42.2,42.27 1 2
github.com/ai-aas/shared-go/observability/otel.go:46.36,47.14 1 1
github.com/ai-aas/shared-go/observability/otel.go:47.14,49.3 1 0
github.com/ai-aas/shared-go/observability/otel.go:50.2,50.19 1 1
github.com/ai-aas/shared-go/observability/otel.go:54.63,55.24 1 5
github.com/ai-aas/shared-go/observability/otel.go:55.24,57.3 1 2
github.com/ai-aas/shared-go/observability/otel.go:59.2,60.16 2 3
github.com/ai-aas/shared-go/observability/otel.go:60.16,62.3 1 2
github.com/ai-aas/shared-go/observability/otel.go:64.2,68.28 3 1
github.com/ai-aas/shared-go/observability/otel.go:68.28,71.76 3 0
github.com/ai-aas/shared-go/observability/otel.go:71.76,73.4 1 0
github.com/ai-aas/shared-go/observability/otel.go:73.9,77.4 3 0
github.com/ai-aas/shared-go/observability/otel.go:80.2,80.47 1 1
github.com/ai-aas/shared-go/observability/otel.go:84.58,86.16 2 1
github.com/ai-aas/shared-go/observability/otel.go:86.16,87.13 1 1
github.com/ai-aas/shared-go/observability/otel.go:89.2,89.17 1 0
github.com/ai-aas/shared-go/observability/otel.go:92.73,94.16 2 3
github.com/ai-aas/shared-go/observability/otel.go:94.16,96.3 1 1
github.com/ai-aas/shared-go/observability/otel.go:98.2,99.16 2 2
github.com/ai-aas/shared-go/observability/otel.go:99.16,101.3 1 0
github.com/ai-aas/shared-go/observability/otel.go:103.2,109.16 2 2
github.com/ai-aas/shared-go/observability/otel.go:109.16,111.3 1 0
github.com/ai-aas/shared-go/observability/otel.go:113.2,124.31 4 2
github.com/ai-aas/shared-go/observability/otel.go:127.53,135.2 4 1
github.com/ai-aas/shared-go/observability/otel.go:137.77,138.22 1 5
github.com/ai-aas/shared-go/observability/otel.go:139.14,150.19 2 3
github.com/ai-aas/shared-go/observability/otel.go:150.19,152.4 1 3
github.com/ai-aas/shared-go/observability/otel.go:153.3,153.50 1 3
github.com/ai-aas/shared-go/observability/otel.go:154.18,165.19 2 1
github.com/ai-aas/shared-go/observability/otel.go:165.19,167.4 1 1
github.com/ai-aas/shared-go/observability/otel.go:168.3,168.27 1 1
github.com/ai-aas/shared-go/observability/otel.go:168.27,170.4 1 1
github.com/ai-aas/shared-go/observability/otel.go:171.3,171.47 1 1
github.com/ai-aas/shared-go/observability/otel.go:172.10,173.71 1 1
